[2021-04-23 19:24:02] user alberto fail logged in from 127.0.0.1
[2021-04-23 19:24:42] user amadeu fail logged in from 127.0.0.1
[2021-04-23 19:34:04] user francisco logged in from 127.0.0.1
[2021-04-23 21:05:06] user zebedeu logged in from 127.0.0.1
[2021-05-09 11:45:18] user nath logged in from ::1
[2021-05-09 12:37:36] user nath logged out from ::1
[2021-05-09 12:38:23] user nath logged in from ::1
[2021-05-10 11:11:32] user nath logged in from ::1
[2021-05-10 11:17:53] user nath logged in from ::1
[2021-05-10 11:20:02] user nath logged in from ::1
[2021-05-13 13:25:27] user nath logged in from ::1
[2021-05-13 20:48:56] user nath logged out from ::1
[2021-05-13 20:50:05] user Nath logged in from ::1
[2021-05-13 20:58:26] user nath logged out from ::1
[2021-05-13 20:58:42] user Nath fail logged in from ::1
[2021-05-13 20:58:52] user nath logged in from ::1
[2021-05-13 21:22:43] user n logged out from ::1
[2021-05-13 21:23:12] user Nath logged in from ::1
[2021-05-13 21:25:23] user n logged out from ::1
[2021-05-13 21:27:39] user nath logged in from ::1
[2021-05-13 21:31:12] user n logged out from ::1
[2021-05-14 09:30:37] user nathi fail logged in from ::1
[2021-05-14 09:30:47] user nath logged in from ::1
[2021-05-14 10:58:07] user n logged out from ::1
[2021-05-14 11:14:03] user nath logged in from ::1
[2021-05-14 12:09:01] user n logged out from ::1
[2021-05-14 12:09:56] user nath logged in from ::1
[2021-05-14 12:12:59] user n logged out from ::1
[2021-05-14 12:13:19] user nath logged in from ::1
[2021-05-14 14:42:36] user n logged out from ::1
[2021-05-14 17:56:22] user nath logged in from ::1
[2021-05-14 17:56:26] user n logged out from ::1
[2021-05-14 17:56:44] user nath logged in from ::1
[2021-05-14 17:57:00] user n logged out from ::1
[2021-05-14 18:01:32] user nath logged in from ::1
[2021-05-14 18:01:55] user n logged out from ::1
[2021-05-14 18:07:15] user nath logged in from ::1
[2021-05-14 18:07:51] user n logged out from ::1
[2021-05-16 16:39:38] user nath logged in from ::1
[2021-05-16 21:40:02] user n logged out from ::1
[2021-05-16 21:40:12] user nath logged in from ::1
[2021-05-16 21:40:39] user n logged out from ::1
[2021-05-16 21:40:48] user nath logged in from ::1
[2021-05-16 21:43:11] user n logged out from ::1
[2021-05-16 21:43:28] user nath logged in from ::1
[2021-05-16 22:35:51] user n logged out from ::1
[2021-05-16 22:36:20] user nando logged in from ::1
[2021-05-16 22:37:35] user n logged out from ::1
[2021-05-16 22:37:46] user carol logged in from ::1
[2021-05-16 23:15:50] user c logged out from ::1
[2021-05-16 23:16:02] user nath logged in from ::1
[2021-05-16 23:16:15] user n logged out from ::1
[2021-05-17 10:18:02] user nath logged in from ::1
[2021-05-17 15:41:46] user n logged out from ::1
[2021-05-17 15:43:10] user nath logged in from ::1
[2021-05-17 18:43:32] user n logged out from ::1
[2021-05-17 18:43:39] user nath logged in from ::1
[2021-05-21 09:19:19] user nath logged in from ::1
[2021-05-24 09:19:44] user n logged out from ::1
[2021-05-24 09:19:52] user nando logged in from ::1
[2021-05-24 09:20:02] user n logged out from ::1
[2021-05-24 09:20:12] user antonio logged in from ::1
[2021-05-24 09:20:30] user a logged out from ::1
[2021-05-24 09:20:44] user carol logged in from ::1
[2021-05-24 09:20:58] user c logged out from ::1
[2021-05-24 09:21:18] user nath logged in from ::1
[2021-05-24 15:48:55] user n logged out from ::1
[2021-05-24 15:49:02] user nath logged in from ::1
[2021-05-24 15:51:53] user n logged out from ::1
[2021-05-24 15:55:20] user nath logged in from ::1
[2021-05-24 15:55:37] user n logged out from ::1
[2021-05-24 15:55:42] user nath logged in from ::1
[2021-05-24 16:07:21] user n logged out from ::1
[2021-05-24 16:10:39] user nath fail logged in from ::1
[2021-05-24 16:10:46] user nath logged in from ::1
[2021-05-24 16:12:58] user n logged out from ::1
[2021-05-24 16:13:08] user nath logged in from ::1
[2021-05-24 16:38:20] user n logged out from ::1
[2021-05-25 07:38:07] user nath logged in from ::1
[2021-05-25 15:56:28] user n logged out from ::1
[2021-05-25 15:56:37] user nando logged in from ::1
[2021-05-25 15:58:16] user n logged out from ::1
[2021-05-25 15:58:28] user carol logged in from ::1
[2021-05-26 08:29:02] user c logged out from ::1
[2021-05-26 10:06:15] user nath logged in from ::1
[2021-05-26 18:07:34] user n logged out from ::1
[2021-05-26 22:58:43] user nath logged in from ::1
[2021-05-26 23:53:51] user n logged out from ::1
[2021-05-27 10:14:24] user nath logged in from ::1
[2021-05-27 10:14:46] user n logged out from ::1
[2021-05-27 10:15:24] user nath logged in from ::1
[2021-05-27 10:20:05] user n logged out from ::1
[2021-05-27 20:43:53] user nando logged in from ::1
[2021-05-27 20:45:03] user n logged out from ::1
[2021-05-27 20:45:10] user nath logged in from ::1
[2021-05-27 20:49:46] user n logged out from ::1
[2021-05-27 20:49:52] user nath logged in from ::1
[2021-05-27 22:43:54] user n logged out from ::1
[2021-05-28 09:33:58] user nath logged in from ::1
[2021-05-28 09:44:58] user n logged out from ::1
[2021-05-28 09:45:03] user nando fail logged in from ::1
[2021-05-28 09:45:09] user nando logged in from ::1
[2021-05-28 09:47:59] user n logged out from ::1
[2021-05-28 09:48:04] user carol logged in from ::1
[2021-05-30 10:52:09] user c logged out from ::1
[2021-05-30 10:52:18] user nath logged in from ::1
[2021-05-30 12:09:36] user n logged out from ::1
[2021-05-30 12:09:41] user nath fail logged in from ::1
[2021-05-30 12:09:47] user nath logged in from ::1
[2021-05-30 13:21:46] user n logged out from ::1
[2021-05-30 13:22:04] user nath logged in from ::1
[2021-05-30 14:14:01] user n logged out from ::1
[2021-05-30 14:43:23] user nath logged in from ::1
[2021-05-30 17:23:34] user n logged out from ::1
[2021-05-31 13:04:52] user nath logged in from ::1
[2021-05-31 14:44:23] user n logged out from ::1
[2021-05-31 14:54:31] user nath logged in from ::1
[2021-05-31 14:57:53] user n logged out from ::1
[2021-05-31 15:00:06] user nando logged in from ::1
[2021-05-31 15:03:49] user n logged out from ::1
[2021-05-31 15:09:13] user carol logged in from ::1
[2021-05-31 15:09:38] user c logged out from ::1
[2021-05-31 15:11:29] user carol logged in from ::1
[2021-05-31 15:11:39] user c logged out from ::1
[2021-05-31 15:11:46] user joao logged in from ::1
[2021-05-31 15:13:04] user j logged out from ::1
[2021-05-31 15:13:18] user antonio logged in from ::1
[2021-05-31 15:13:24] user a logged out from ::1
[2021-05-31 15:13:29] user nath logged in from ::1
[2021-05-31 15:13:51] user n logged out from ::1
[2021-05-31 15:14:20] user nath logged in from ::1
[2021-05-31 15:15:58] user n logged out from ::1
[2021-05-31 15:29:42] user nath logged in from ::1
[2021-05-31 15:30:25] user n logged out from ::1
[2021-05-31 15:32:12] user nath logged in from ::1
[2021-05-31 15:33:05] user n logged out from ::1
[2021-05-31 15:35:55] user nath logged in from ::1
[2021-05-31 15:37:40] user n logged out from ::1
[2021-05-31 16:11:08] user carol logged in from ::1
[2021-05-31 16:11:27] user c logged out from ::1
[2021-05-31 16:11:36] user antonio logged in from ::1
[2021-05-31 16:11:41] user a logged out from ::1
[2021-05-31 16:11:47] user joao logged in from ::1
[2021-05-31 16:16:43] user j logged out from ::1
[2021-05-31 16:16:52] user joao logged in from ::1
[2021-05-31 16:17:03] user j logged out from ::1
[2021-05-31 16:17:11] user antonio logged in from ::1
[2021-05-31 16:17:42] user a logged out from ::1
[2021-05-31 16:17:50] user carol logged in from ::1
[2021-05-31 16:17:52] user c logged out from ::1
[2021-05-31 16:17:58] user nath logged in from ::1
[2021-05-31 16:18:18] user n logged out from ::1
[2021-05-31 16:18:26] user carol logged in from ::1
[2021-05-31 16:20:18] user c logged out from ::1
[2021-05-31 16:20:31] user nando logged in from ::1
[2021-05-31 16:20:57] user n logged out from ::1
[2021-05-31 16:21:06] user antonio logged in from ::1
[2021-05-31 16:22:31] user a logged out from ::1
[2021-05-31 16:22:51] user joao logged in from ::1
[2021-05-31 16:28:44] user j logged out from ::1
[2021-05-31 16:28:55] user antonio logged in from ::1
[2021-05-31 16:30:26] user a logged out from ::1
[2021-05-31 16:31:31] user nath logged in from ::1
[2021-05-31 16:32:24] user n logged out from ::1
[2021-05-31 16:32:30] user nando logged in from ::1
[2021-05-31 16:43:05] user n logged out from ::1
[2021-05-31 16:43:20] user carol logged in from ::1
[2021-05-31 16:43:39] user c logged out from ::1
[2021-05-31 16:43:43] user nando logged in from ::1
[2021-05-31 16:43:48] user n logged out from ::1
[2021-05-31 16:43:54] user nath logged in from ::1
[2021-05-31 16:44:05] user n logged out from ::1
[2021-05-31 17:05:11] user nath logged in from ::1
[2021-05-31 17:55:22] user n logged out from ::1
[2021-06-01 08:42:54] user nath logged in from ::1
[2021-06-01 10:38:31] user n logged out from ::1
[2021-06-01 10:38:39] user antonio logged in from ::1
[2021-06-01 10:39:07] user a logged out from ::1
[2021-06-01 10:41:51] user nath logged in from ::1
[2021-06-01 14:20:37] user n logged out from ::1
[2021-06-01 14:20:43] user nando logged in from ::1
[2021-06-01 14:24:18] user n logged out from ::1
[2021-06-01 14:24:24] user nando logged in from ::1
[2021-06-01 16:14:04] user n logged out from ::1
[2021-06-01 16:14:10] user nath logged in from ::1
[2021-06-01 16:14:20] user n logged out from ::1
[2021-06-01 16:14:28] user carol logged in from ::1
[2021-06-01 16:25:40] user c logged out from ::1
[2021-06-01 16:25:45] user joao logged in from ::1
[2021-06-01 16:25:50] user j logged out from ::1
[2021-06-01 16:25:56] user antonio logged in from ::1
[2021-06-01 17:11:47] user a logged out from ::1
[2021-06-02 13:09:51] user nath logged in from ::1
[2021-06-02 15:03:01] user n logged out from ::1
[2021-06-02 15:03:07] user nando logged in from ::1
[2021-06-02 19:12:55] user n logged out from ::1
[2021-06-02 19:51:41] user carol logged in from ::1
[2021-06-02 20:17:32] user c logged out from ::1
[2021-06-02 20:17:52] user carol logged in from ::1
[2021-06-02 20:20:07] user c logged out from ::1
[2021-06-02 20:20:24] user carol logged in from ::1
[2021-06-02 21:11:16] user c logged out from ::1
[2021-06-02 21:11:25] user joao logged in from ::1
[2021-06-02 21:11:39] user j logged out from ::1
[2021-06-02 21:11:46] user antonio logged in from ::1
[2021-06-03 05:33:48] user a logged out from ::1
[2021-06-03 05:33:57] user joao logged in from ::1
[2021-06-03 05:33:59] user j logged out from ::1
[2021-06-03 05:34:12] user antonio logged in from ::1
[2021-06-03 06:26:22] user a logged out from ::1
[2021-06-03 06:29:49] user inês_g logged in from ::1
[2021-06-03 06:38:29] user i logged out from ::1
[2021-06-03 06:38:40] user inês_g logged in from ::1
[2021-06-03 07:20:14] user i logged out from ::1
[2021-06-03 07:20:33] user nando logged in from ::1
[2021-06-03 17:23:11] user n logged out from ::1
[2021-06-03 17:23:18] user carol logged in from ::1
[2021-06-03 17:23:35] user c logged out from ::1
[2021-06-03 17:23:44] user nando logged in from ::1
[2021-06-03 17:42:25] user n logged out from ::1
[2021-06-04 09:41:26] user nath logged in from ::1
[2021-06-04 15:08:04] user n logged out from ::1
[2021-06-04 15:09:30] user nando logged in from ::1
[2021-06-04 15:10:57] user n logged out from ::1
[2021-06-04 15:11:04] user carol logged in from ::1
[2021-06-04 15:12:47] user c logged out from ::1
[2021-06-04 15:12:53] user joao logged in from ::1
[2021-06-04 15:13:53] user j logged out from ::1
[2021-06-04 15:14:22] user antonio logged in from ::1
[2021-06-04 16:36:21] user a logged out from ::1
[2021-06-04 16:36:46] user nath logged in from ::1
[2021-06-04 20:59:15] user n logged out from ::1
[2021-06-04 20:59:22] user nando logged in from ::1
[2021-06-04 21:00:03] user n logged out from ::1
[2021-06-04 21:00:11] user joao logged in from ::1
[2021-06-04 21:00:17] user j logged out from ::1
[2021-06-04 21:00:24] user joao logged in from ::1
[2021-06-04 21:00:28] user j logged out from ::1
[2021-06-04 21:00:36] user antonio logged in from ::1
[2021-06-04 21:00:51] user a logged out from ::1
[2021-06-04 21:00:58] user carol fail logged in from ::1
[2021-06-04 21:01:06] user carol logged in from ::1
[2021-06-04 21:01:21] user c logged out from ::1
[2021-06-04 21:01:28] user ines fail logged in from ::1
[2021-06-04 21:01:41] user ines_g logged in from ::1
[2021-06-04 21:01:58] user i logged out from ::1
[2021-06-05 09:25:05] user lilli logged in from ::1
[2021-06-05 09:32:33] user l logged out from ::1
[2021-06-05 09:32:40] user nath logged in from ::1
[2021-06-05 09:33:36] user n logged out from ::1
[2021-06-05 09:33:43] user nando logged in from ::1
[2021-06-05 09:34:11] user n logged out from ::1
[2021-06-05 09:34:21] user lilli logged in from ::1
[2021-06-05 09:35:28] user l logged out from ::1
[2021-06-05 09:35:40] user antonio logged in from ::1
[2021-06-05 09:36:26] user a logged out from ::1
[2021-06-05 09:37:06] user lilli logged in from ::1
[2021-06-05 09:40:09] user l logged out from ::1
[2021-06-05 09:41:06] user lilli logged in from ::1
[2021-06-05 09:41:44] user l logged out from ::1
[2021-06-05 09:55:14] user lilli logged in from ::1
[2021-06-05 09:56:06] user l logged out from ::1
[2021-06-05 09:56:59] user lilli logged in from ::1
[2021-06-05 10:44:56] user l logged out from ::1
[2021-06-05 11:32:18] user natha fail logged in from ::1
[2021-06-05 11:32:25] user nath logged in from ::1
[2021-06-05 11:53:40] user n logged out from ::1
[2021-06-05 12:32:12] user nath logged in from ::1
[2021-06-05 12:38:30] user n logged out from ::1
[2021-06-05 12:39:29] user lilli logged in from ::1
[2021-06-05 12:43:39] user l logged out from ::1
[2021-06-05 12:47:57] user nando logged in from ::1
[2021-06-05 12:57:19] user n logged out from ::1
[2021-06-05 13:06:53] user lilli logged in from ::1
[2021-06-05 13:08:01] user l logged out from ::1
[2021-06-05 16:07:53] user nath logged in from ::1
[2021-06-05 16:08:46] user n logged out from ::1
